317
cpu  45 2 169 884 149 0 1 0 0 0
cpu0 5 1 52 205 43 0 1 0 0 0
cpu1 11 0 32 222 47 0 0 0 0 0
cpu2 14 1 33 238 25 0 0 0 0 0
cpu3 14 0 51 218 32 0 0 0 0 0
intr 29415 0 191 9726 0 0 0 157 0 0 0 0 1995 0 0 300 345 0 0 0 0 0 0 0 0 0 0 0 0 0 0 0 0 3 0 0 122 0 0 75 7213 2 0 0 0 0 0 0 0 0 0 0 0 4 0 9282 0 0 0 0 0 0 0 0 0
ctxt 28771
btime 0
processes 230
procs_running 1
procs_blocked 1
softirq 11362 15 382 0 0 154 0 6291 926 0 3594

338
cpu  49 2 177 946 158 0 1 0 0 0
cpu0 6 1 53 222 44 0 1 0 0 0
cpu1 13 0 35 232 53 0 0 0 0 0
cpu2 14 1 34 257 25 0 0 0 0 0
cpu3 15 0 53 233 35 0 0 0 0 0
intr 29960 0 201 10001 0 0 0 157 0 0 0 0 2119 0 0 300 345 0 0 0 0 0 0 0 0 0 0 0 0 0 0 0 0 3 0 0 122 0 0 75 7213 2 0 0 0 0 0 0 0 0 0 0 0 4 0 9418 0 0 0 0 0 0 0 0 0
ctxt 29694
btime 0
processes 240
procs_running 3
procs_blocked 0
softirq 11559 15 405 0 0 154 0 6291 999 0 3695

359
cpu  58 3 192 991 173 0 1 0 0 0
cpu0 12 1 58 224 53 0 1 0 0 0
cpu1 14 0 38 244 56 0 0 0 0 0
cpu2 14 1 38 274 26 0 0 0 0 0
cpu3 16 0 57 247 36 0 0 0 0 0
intr 31116 0 232 10510 0 0 0 157 0 0 0 0 2285 0 0 300 345 0 0 0 0 0 0 0 0 0 0 0 0 0 0 0 0 3 0 0 122 0 0 75 7213 2 0 0 0 0 0 0 0 0 0 0 0 4 0 9868 0 0 0 0 0 0 0 0 0
ctxt 31768
btime 0
processes 295
procs_running 10
procs_blocked 4
softirq 12256 15 437 0 0 201 0 6291 1108 0 4204

380
cpu  68 3 205 1030 194 0 1 0 0 0
cpu0 14 1 61 234 59 0 1 0 0 0
cpu1 15 0 40 256 62 0 0 0 0 0
cpu2 21 1 42 283 27 0 0 0 0 0
cpu3 17 0 62 255 44 0 0 0 0 0
intr 32538 0 263 11191 0 0 0 157 0 0 0 0 2529 0 0 300 345 0 0 0 0 0 0 0 0 0 0 0 0 0 0 0 0 3 0 0 122 0 0 75 7213 2 0 0 0 0 0 0 0 0 0 0 0 4 0 10334 0 0 0 0 0 0 0 0 0
ctxt 34474
btime 0
processes 329
procs_running 1
procs_blocked 1
softirq 12884 15 471 0 0 434 0 6291 1202 0 4471

401
cpu  75 3 214 1092 202 0 1 0 0 0
cpu0 15 1 64 250 61 0 1 0 0 0
cpu1 20 0 42 264 69 0 0 0 0 0
cpu2 22 1 44 301 27 0 0 0 0 0
cpu3 17 0 63 275 44 0 0 0 0 0
intr 33005 0 268 11369 0 0 0 157 0 0 0 0 2662 0 0 300 345 0 0 0 0 0 0 0 0 0 0 0 0 0 0 0 0 3 0 0 122 0 0 75 7213 2 0 0 0 0 0 0 0 0 0 0 0 4 0 10485 0 0 0 0 0 0 0 0 0
ctxt 35384
btime 0
processes 333
procs_running 2
procs_blocked 0
softirq 13276 15 502 0 0 498 0 6291 1283 0 4687

423
cpu  78 3 224 1153 211 0 1 0 0 0
cpu0 16 1 67 266 62 0 1 0 0 0
cpu1 21 0 45 275 73 0 0 0 0 0
cpu2 23 1 47 315 30 0 0 0 0 0
cpu3 17 0 64 294 44 0 0 0 0 0
intr 33696 0 272 11639 0 0 0 157 0 0 0 0 2829 0 0 300 345 0 0 0 0 0 0 0 0 0 0 0 0 0 0 0 0 3 0 0 122 0 0 75 7213 2 0 0 0 0 0 0 0 0 0 0 0 4 0 10735 0 0 0 0 0 0 0 0 0
ctxt 36843
btime 0
processes 337
procs_running 1
procs_blocked 1
softirq 13769 15 536 0 0 585 0 6291 1383 0 4959

444
cpu  79 4 232 1213 225 0 1 0 0 0
cpu0 17 1 74 266 75 0 1 0 0 0
cpu1 21 0 45 296 73 0 0 0 0 0
cpu2 23 2 48 334 31 0 0 0 0 0
cpu3 17 0 64 316 44 0 0 0 0 0
intr 34149 0 272 11788 0 0 0 157 0 0 0 0 2927 0 0 300 345 0 0 0 0 0 0 0 0 0 0 0 0 0 0 0 0 3 0 0 122 0 0 75 7213 2 0 0 0 0 0 0 0 0 0 0 0 4 0 10941 0 0 0 0 0 0 0 0 0
ctxt 38531
btime 0
processes 337
procs_running 3
procs_blocked 0
softirq 14216 15 568 0 0 677 0 6291 1453 0 5212

465
cpu  80 5 240 1274 239 0 1 0 0 0
cpu0 18 1 80 266 90 0 1 0 0 0
cpu1 21 0 46 316 73 0 0 0 0 0
cpu2 23 3 48 354 31 0 0 0 0 0
cpu3 17 0 64 337 44 0 0 0 0 0
intr 34733 0 272 11944 0 0 0 157 0 0 0 0 3032 0 0 301 345 0 0 0 0 0 0 0 0 0 0 0 0 0 0 0 0 3 0 0 122 0 0 75 7213 2 0 0 0 0 0 0 0 0 0 0 0 4 0 11263 0 0 0 0 0 0 0 0 0
ctxt 40463
btime 0
processes 337
procs_running 2
procs_blocked 0
softirq 14534 15 601 0 0 808 0 6291 1523 0 5296

486
cpu  88 5 257 1327 245 0 1 0 0 0
cpu0 20 1 84 279 92 0 1 0 0 0
cpu1 21 0 48 334 73 0 0 0 0 0
cpu2 26 3 56 361 34 0 0 0 0 0
cpu3 20 0 67 351 45 0 0 0 0 0
intr 35244 0 283 12105 0 0 0 157 0 0 0 0 3223 0 0 301 345 0 0 0 0 0 0 0 0 0 0 0 0 0 0 0 0 3 0 0 122 0 0 75 7213 2 0 0 0 0 0 0 0 0 0 0 0 4 0 11411 0 0 0 0 0 0 0 0 0
ctxt 41348
btime 0
processes 347
procs_running 2
procs_blocked 0
softirq 15278 15 642 0 0 816 0 6291 1621 0 5893

508
cpu  95 5 269 1392 246 0 1 0 0 0
cpu0 25 1 94 286 92 0 1 0 0 0
cpu1 22 0 49 354 73 0 0 0 0 0
cpu2 28 3 58 379 34 0 0 0 0 0
cpu3 20 0 67 373 45 0 0 0 0 0
intr 35483 0 286 12185 0 0 0 157 0 0 0 0 3343 0 0 301 345 0 0 0 0 0 0 0 0 0 0 0 0 0 0 0 0 3 0 0 122 0 0 75 7213 2 0 0 0 0 0 0 0 0 0 0 0 4 0 11447 0 0 0 0 0 0 0 0 0
ctxt 41620
btime 0
processes 350
procs_running 2
procs_blocked 0
softirq 15463 15 673 0 0 834 0 6291 1671 0 5979

529
cpu  101 5 289 1446 250 0 1 0 0 0
cpu0 26 1 103 295 94 0 1 0 0 0
cpu1 22 0 52 371 75 0 0 0 0 0
cpu2 29 3 61 393 36 0 0 0 0 0
cpu3 23 0 72 386 45 0 0 0 0 0
intr 35826 0 295 12299 0 0 0 157 0 0 0 0 3501 0 0 301 345 0 0 0 0 0 0 0 0 0 0 0 0 0 0 0 0 3 0 0 122 0 0 75 7213 2 0 0 0 0 0 0 0 0 0 0 0 4 0 11509 0 0 0 0 0 0 0 0 0
ctxt 42294
btime 0
processes 358
procs_running 2
procs_blocked 3
softirq 15882 15 703 0 0 841 0 6291 1747 0 6285

551
cpu  110 5 319 1448 299 0 1 0 0 0
cpu0 26 1 111 295 107 0 1 0 0 0
cpu1 25 0 59 371 86 0 0 0 0 0
cpu2 33 3 66 393 50 0 0 0 0 0
cpu3 25 0 82 387 54 0 0 0 0 0
intr 36718 0 313 12673 0 0 0 157 0 0 0 0 3695 0 0 301 345 0 0 0 0 0 0 0 0 0 0 0 0 0 0 0 0 3 0 0 122 0 0 75 7213 2 0 0 0 0 0 0 0 0 0 0 0 4 0 11815 0 0 0 0 0 0 0 0 0
ctxt 44032
btime 0
processes 377
procs_running 1
procs_blocked 22
softirq 16948 15 772 0 0 864 0 6291 1846 0 7160

573
cpu  112 5 328 1455 365 0 1 0 0 0
cpu0 27 1 115 295 125 0 1 0 0 0
cpu1 26 0 62 371 103 0 0 0 0 0
cpu2 33 3 67 393 69 0 0 0 0 0
cpu3 25 0 82 394 67 0 0 0 0 0
intr 37532 0 317 12973 0 0 0 157 0 0 0 0 3855 0 0 301 345 0 0 0 0 0 0 0 0 0 0 0 0 0 0 0 0 3 0 0 122 0 0 75 7213 2 0 0 0 0 0 0 0 0 0 0 0 4 0 12165 0 0 0 0 0 0 0 0 0
ctxt 45214
btime 0
processes 381
procs_running 1
procs_blocked 21
softirq 17399 15 828 0 0 904 0 6291 1945 0 7416

594
cpu  118 5 338 1455 434 0 1 0 0 0
cpu0 28 1 118 295 141 0 1 0 0 0
cpu1 27 0 65 371 120 0 0 0 0 0
cpu2 35 3 70 393 86 0 0 0 0 0
cpu3 26 0 83 394 86 0 0 0 0 0
intr 38259 0 318 13215 0 0 0 157 0 0 0 0 4037 0 0 301 345 0 0 0 0 0 0 0 0 0 0 0 0 0 0 0 0 3 0 0 122 0 0 75 7213 2 0 0 0 0 0 0 0 0 0 0 0 4 0 12467 0 0 0 0 0 0 0 0 0
ctxt 46280
btime 0
processes 381
procs_running 2
procs_blocked 16
softirq 17930 15 877 0 0 957 0 6291 2047 0 7743

616
cpu  121 5 345 1455 507 0 1 0 0 0
cpu0 29 1 120 295 159 0 1 0 0 0
cpu1 29 0 69 371 135 0 0 0 0 0
cpu2 36 3 72 393 104 0 0 0 0 0
cpu3 26 0 84 394 106 0 0 0 0 0
intr 39032 0 322 13456 0 0 0 157 0 0 0 0 4224 0 0 301 345 0 0 0 0 0 0 0 0 0 0 0 0 0 0 0 0 3 0 0 122 0 0 75 7213 2 0 0 0 0 0 0 0 0 0 0 0 4 0 12808 0 0 0 0 0 0 0 0 0
ctxt 47487
btime 0
processes 384
procs_running 3
procs_blocked 11
softirq 18373 15 927 0 0 1001 0 6291 2149 0 7990

637
cpu  123 5 350 1455 584 0 1 0 0 0
cpu0 29 1 120 295 179 0 1 0 0 0
cpu1 29 0 70 371 155 0 0 0 0 0
cpu2 38 3 74 393 121 0 0 0 0 0
cpu3 26 0 84 394 127 0 0 0 0 0
intr 39650 0 322 13694 0 0 0 157 0 0 0 0 4362 0 0 301 345 0 0 0 0 0 0 0 0 0 0 0 0 0 0 0 0 3 0 0 122 0 0 75 7213 2 0 0 0 0 0 0 0 0 0 0 0 4 0 13050 0 0 0 0 0 0 0 0 0
ctxt 48219
btime 0
processes 384
procs_running 2
procs_blocked 11
softirq 18727 15 961 0 0 1023 0 6291 2233 0 8204

658
cpu  131 5 367 1464 634 0 1 0 0 0
cpu0 32 1 123 295 194 0 1 0 0 0
cpu1 29 0 71 380 166 0 0 0 0 0
cpu2 42 3 78 393 135 0 0 0 0 0
cpu3 26 0 94 394 138 0 0 0 0 0
intr 40366 0 325 13935 0 0 0 157 0 0 0 0 4564 0 0 301 345 0 0 0 0 0 0 0 0 0 0 0 0 0 0 0 0 3 0 0 122 0 0 75 7213 2 0 0 0 0 0 0 0 0 0 0 0 4 0 13320 0 0 0 0 0 0 0 0 0
ctxt 49204
btime 0
processes 387
procs_running 1
procs_blocked 10
softirq 19529 15 1015 0 0 1069 0 6291 2331 0 8808

679
cpu  138 5 385 1464 694 0 1 0 0 0
cpu0 33 1 128 295 210 0 1 0 0 0
cpu1 31 0 75 380 181 0 0 0 0 0
cpu2 44 3 82 393 150 0 0 0 0 0
cpu3 29 0 99 394 151 0 0 0 0 0
intr 41151 0 346 14204 0 0 0 157 0 0 0 0 4772 0 0 302 345 0 0 0 0 0 0 0 0 0 0 0 0 0 0 0 0 3 0 0 122 0 0 75 7213 2 0 0 0 0 0 0 0 0 0 0 0 4 0 13606 0 0 0 0 0 0 0 0 0
ctxt 50606
btime 0
processes 408
procs_running 3
procs_blocked 19
softirq 20100 15 1071 0 0 1083 0 6291 2447 0 9193

701
cpu  141 5 394 1464 766 0 1 0 0 0
cpu0 34 1 132 295 226 0 1 0 0 0
cpu1 32 0 78 380 199 0 0 0 0 0
cpu2 45 3 84 393 168 0 0 0 0 0
cpu3 29 0 100 394 172 0 0 0 0 0
intr 41806 0 347 14396 0 0 0 157 0 0 0 0 4914 0 0 302 345 0 0 0 0 0 0 0 0 0 0 0 0 0 0 0 0 3 0 0 122 0 0 75 7213 2 0 0 0 0 0 0 0 0 0 0 0 4 0 13926 0 0 0 0 0 0 0 0 0
ctxt 51649
btime 0
processes 412
procs_running 1
procs_blocked 21
softirq 20499 15 1133 0 0 1093 0 6291 2524 0 9443

722
cpu  150 5 406 1464 830 0 1 0 0 0
cpu0 39 1 136 295 239 0 1 0 0 0
cpu1 32 0 79 380 219 0 0 0 0 0
cpu2 48 3 89 393 179 0 0 0 0 0
cpu3 29 0 101 394 192 0 0 0 0 0
intr 42405 0 347 14576 0 0 0 157 0 0 0 0 5049 0 0 302 345 0 0 0 0 0 0 0 0 0 0 0 0 0 0 0 0 3 0 0 122 0 0 75 7213 2 0 0 0 0 0 0 0 0 0 0 0 4 0 14210 0 0 0 0 0 0 0 0 0
ctxt 52518
btime 0
processes 412
procs_running 3
procs_blocked 19
softirq 21121 15 1178 0 0 1093 0 6291 2595 0 9949

744
cpu  158 5 420 1464 890 0 1 0 0 0
cpu0 42 1 138 295 253 0 1 0 0 0
cpu1 33 0 82 380 236 0 0 0 0 0
cpu2 49 3 92 393 197 0 0 0 0 0
cpu3 34 0 107 394 202 0 0 0 0 0
intr 43085 0 351 14836 0 0 0 157 0 0 0 0 5243 0 0 302 345 0 0 0 0 0 0 0 0 0 0 0 0 0 0 0 0 3 0 0 122 0 0 75 7213 2 0 0 0 0 0 0 0 0 0 0 0 4 0 14432 0 0 0 0 0 0 0 0 0
ctxt 53450
btime 0
processes 416
procs_running 1
procs_blocked 18
softirq 21696 15 1237 0 0 1107 0 6291 2692 0 10354

766
cpu  162 5 429 1464 961 0 1 0 0 0
cpu0 42 1 140 295 272 0 1 0 0 0
cpu1 34 0 84 380 254 0 0 0 0 0
cpu2 50 4 94 393 216 0 0 0 0 0
cpu3 36 0 109 394 218 0 0 0 0 0
intr 44038 0 363 15237 0 0 0 157 0 0 0 0 5462 0 0 302 345 0 0 0 0 0 0 0 0 0 0 0 0 0 0 0 0 3 0 0 122 0 0 75 7213 2 0 0 0 0 0 0 0 0 0 0 0 4 0 14753 0 0 0 0 0 0 0 0 0
ctxt 54830
btime 0
processes 429
procs_running 1
procs_blocked 13
softirq 22252 15 1278 0 0 1148 0 6291 2818 0 10702

790
cpu  166 6 443 1464 1040 0 2 0 0 0
cpu0 44 1 148 295 287 0 1 0 0 0
cpu1 34 0 86 380 276 0 0 0 0 0
cpu2 50 4 94 393 239 0 0 0 0 0
cpu3 37 0 115 394 236 0 0 0 0 0
intr 45118 0 365 15711 0 0 0 157 0 0 0 0 5709 0 0 302 345 0 0 0 0 0 0 0 0 0 0 0 0 0 0 0 0 3 0 0 122 0 0 75 7213 2 0 0 0 0 0 0 0 0 0 0 0 4 0 15110 0 0 0 0 0 0 0 0 0
ctxt 56318
btime 0
processes 433
procs_running 1
procs_blocked 13
softirq 23093 15 1322 0 0 1222 0 6291 2951 0 11292

812
cpu  168 6 455 1464 1112 0 2 0 0 0
cpu0 44 1 151 295 304 0 1 0 0 0
cpu1 35 0 88 380 294 0 0 0 0 0
cpu2 50 4 96 393 258 0 0 0 0 0
cpu3 38 0 119 394 253 0 0 0 0 0
intr 45860 0 371 16004 0 0 0 157 0 0 0 0 5897 0 0 302 345 0 0 0 0 0 0 0 0 0 0 0 0 0 0 0 0 3 0 0 122 0 0 75 7213 2 0 0 0 0 0 0 0 0 0 0 0 4 0 15365 0 0 0 0 0 0 0 0 0
ctxt 57444
btime 0
processes 439
procs_running 3
procs_blocked 10
softirq 23477 15 1377 0 0 1247 0 6291 3066 0 11481

836
cpu  174 6 464 1464 1190 0 2 0 0 0
cpu0 46 1 153 295 324 0 1 0 0 0
cpu1 35 0 90 380 316 0 0 0 0 0
cpu2 51 4 98 393 279 0 0 0 0 0
cpu3 40 0 122 394 270 0 0 0 0 0
intr 47010 0 379 16591 0 0 0 157 0 0 0 0 6135 0 0 302 345 0 0 0 0 0 0 0 0 0 0 0 0 0 0 0 0 3 0 0 122 0 0 75 7213 2 0 0 0 0 0 0 0 0 0 0 0 4 0 15684 0 0 0 0 0 0 0 0 0
ctxt 59333
btime 0
processes 447
procs_running 2
procs_blocked 9
softirq 23962 15 1424 0 0 1293 0 6291 3202 0 11737

858
cpu  180 6 481 1470 1242 0 2 0 0 0
cpu0 46 1 158 295 339 0 2 0 0 0
cpu1 37 0 93 387 325 0 0 0 0 0
cpu2 52 4 102 393 293 0 0 0 0 0
cpu3 43 0 127 394 283 0 0 0 0 0
intr 48097 0 395 17133 0 0 0 157 0 0 0 0 6398 0 0 302 345 0 0 0 0 0 0 0 0 0 0 0 0 0 0 0 0 3 0 0 122 6 0 75 7213 2 0 0 0 0 0 0 0 0 0 0 0 4 0 15942 0 0 0 0 0 0 0 0 0
ctxt 61056
btime 0
processes 465
procs_running 2
procs_blocked 5
softirq 24502 15 1466 0 0 1336 0 6291 3328 0 12066

880
cpu  189 6 492 1470 1309 0 2 0 0 0
cpu0 47 1 163 295 357 0 2 0 0 0
cpu1 38 0 94 387 345 0 0 0 0 0
cpu2 59 4 106 393 304 0 0 0 0 0
cpu3 44 0 128 394 302 0 0 0 0 0
intr 48799 0 406 17415 0 0 0 159 0 0 0 0 6604 0 0 303 345 0 0 0 0 0 0 0 0 0 0 0 0 0 0 0 0 3 0 0 122 16 0 75 7213 2 0 0 0 0 0 0 0 0 0 0 0 4 0 16132 0 0 0 0 0 0 0 0 0
ctxt 62016
btime 0
processes 477
procs_running 1
procs_blocked 6
softirq 24973 15 1509 0 0 1372 0 6291 3427 0 12359

901
cpu  194 6 498 1470 1382 0 2 0 0 0
cpu0 47 1 164 295 376 0 2 0 0 0
cpu1 39 0 96 387 362 0 0 0 0 0
cpu2 61 4 107 393 323 0 0 0 0 0
cpu3 46 0 130 394 319 0 0 0 0 0
intr 49425 0 415 17614 0 0 0 160 0 0 0 0 6811 0 0 303 345 0 0 0 0 0 0 0 0 0 0 0 0 0 0 0 0 3 0 0 122 56 0 75 7213 2 0 0 0 0 0 0 0 0 0 0 0 4 0 16302 0 0 0 0 0 0 0 0 0
ctxt 62806
btime 0
processes 485
procs_running 1
procs_blocked 5
softirq 25550 15 1569 0 0 1385 0 6291 3515 0 12775

923
cpu  197 6 500 1470 1462 0 2 0 0 0
cpu0 48 1 164 295 396 0 2 0 0 0
cpu1 40 0 97 387 382 0 0 0 0 0
cpu2 61 4 108 393 343 0 0 0 0 0
cpu3 47 0 130 394 339 0 0 0 0 0
intr 49937 0 416 17774 0 0 0 160 0 0 0 0 6996 0 0 303 345 0 0 0 0 0 0 0 0 0 0 0 0 0 0 0 0 3 0 0 122 56 0 75 7213 2 0 0 0 0 0 0 0 0 0 0 0 4 0 16468 0 0 0 0 0 0 0 0 0
ctxt 63513
btime 0
processes 486
procs_running 2
procs_blocked 3
softirq 25778 15 1611 0 0 1398 0 6291 3587 0 12876

944
cpu  199 6 523 1502 1489 0 2 0 0 0
cpu0 48 1 165 315 396 0 2 0 0 0
cpu1 40 0 103 399 384 0 0 0 0 0
cpu2 62 4 118 393 354 0 0 0 0 0
cpu3 48 0 136 394 354 0 0 0 0 0
intr 50751 0 422 18110 0 0 0 160 0 0 0 0 7226 0 0 320 345 0 0 0 0 0 0 0 0 0 0 0 0 0 0 0 0 3 0 0 122 56 0 75 7213 2 0 0 0 0 0 0 0 0 0 0 0 5 0 16692 0 0 0 0 0 0 0 0 0
ctxt 64775
btime 0
processes 491
procs_running 2
procs_blocked 3
softirq 26255 15 1654 0 0 1453 0 6291 3670 0 13172

966
cpu  204 6 537 1524 1535 0 2 0 0 0
cpu0 50 1 170 320 405 0 2 0 0 0
cpu1 41 0 103 406 396 0 0 0 0 0
cpu2 62 4 124 395 367 0 0 0 0 0
cpu3 49 0 139 401 365 0 0 0 0 0
intr 51571 0 433 18432 0 0 0 160 0 0 0 0 7484 0 0 320 345 0 0 0 0 0 0 0 0 0 0 0 0 0 0 0 0 6 0 0 122 56 0 75 7213 2 0 0 0 0 0 0 0 0 0 0 0 6 0 16917 0 0 0 0 0 0 0 0 0
ctxt 66111
btime 0
processes 501
procs_running 3
procs_blocked 3
softirq 26670 15 1696 0 0 1479 0 6291 3786 0 13403

987
cpu  216 6 549 1546 1573 0 2 0 0 0
cpu0 50 1 172 339 405 0 2 0 0 0
cpu1 45 0 109 406 407 0 0 0 0 0
cpu2 70 4 126 398 376 0 0 0 0 0
cpu3 50 0 140 401 384 0 0 0 0 0
intr 52271 0 433 18723 0 0 0 160 0 0 0 0 7691 0 0 320 345 0 0 0 0 0 0 0 0 0 0 0 0 0 0 0 0 6 0 0 122 56 0 75 7213 2 0 0 0 0 0 0 0 0 0 0 0 6 0 17119 0 0 0 0 0 0 0 0 0
ctxt 67139
btime 0
processes 501
procs_running 2
procs_blocked 3
softirq 27847 15 1739 0 0 1516 0 6291 3877 0 14409

1009
cpu  226 6 561 1571 1612 0 2 0 0 0
cpu0 54 1 176 342 415 0 2 0 0 0
cpu1 48 0 112 408 419 0 0 0 0 0
cpu2 70 4 126 418 376 0 0 0 0 0
cpu3 52 0 145 401 400 0 0 0 0 0
intr 52843 0 434 18912 0 0 0 160 0 0 0 0 7902 0 0 323 345 0 0 0 0 0 0 0 0 0 0 0 0 0 0 0 0 6 0 0 122 56 0 75 7213 2 0 0 0 0 0 0 0 0 0 0 0 6 0 17281 6 0 0 0 0 0 0 0 0
ctxt 68039
btime 0
processes 502
procs_running 1
procs_blocked 3
softirq 28182 15 1767 0 0 1543 0 6291 3961 0 14605

1031
cpu  240 9 566 1590 1656 0 2 0 0 0
cpu0 56 2 178 343 432 0 2 0 0 0
cpu1 50 0 115 408 437 0 0 0 0 0
cpu2 70 6 127 437 376 0 0 0 0 0
cpu3 63 0 145 401 410 0 0 0 0 0
intr 53275 0 438 19060 0 0 0 160 0 0 0 0 8086 0 0 323 345 0 0 0 0 0 0 0 0 0 0 0 0 0 0 0 0 6 0 0 122 56 0 75 7213 2 0 0 0 0 0 0 0 0 0 0 0 6 0 17355 28 0 0 0 0 0 0 0 0
ctxt 68880
btime 0
processes 505
procs_running 2
procs_blocked 2
softirq 28390 15 1793 0 0 1548 0 6291 4024 0 14719

1052
cpu  268 12 576 1607 1683 0 2 0 0 0
cpu0 58 2 185 343 445 0 2 0 0 0
cpu1 56 0 116 408 451 0 0 0 0 0
cpu2 70 9 128 453 376 0 0 0 0 0
cpu3 83 0 147 401 410 0 0 0 0 0
intr 53671 0 439 19177 0 0 0 160 0 0 0 0 8299 0 0 323 345 0 0 0 0 0 0 0 0 0 0 0 0 0 0 0 0 6 0 0 122 56 0 75 7213 2 0 0 0 0 0 0 0 0 0 0 0 6 0 17404 44 0 0 0 0 0 0 0 0
ctxt 69351
btime 0
processes 508
procs_running 5
procs_blocked 0
softirq 28705 15 1825 0 0 1553 0 6291 4076 0 14945

1074
cpu  294 18 593 1633 1698 0 2 0 0 0
cpu0 59 2 193 356 446 0 2 0 0 0
cpu1 58 0 123 408 464 0 0 0 0 0
cpu2 71 15 128 467 377 0 0 0 0 0
cpu3 105 0 147 401 410 0 0 0 0 0
intr 54303 0 443 19406 0 0 0 160 0 0 0 0 8550 0 0 324 345 0 0 0 0 0 0 0 0 0 0 0 0 0 0 0 0 6 0 0 122 56 0 75 7213 2 0 0 0 0 0 0 0 0 0 0 0 6 0 17533 62 0 0 0 0 0 0 0 0
ctxt 70385
btime 0
processes 512
procs_running 5
procs_blocked 1
softirq 29453 15 1872 0 0 1598 0 6291 4155 0 15522

1096
cpu  316 24 600 1666 1712 0 2 0 0 0
cpu0 59 4 193 374 446 0 2 0 0 0
cpu1 58 4 124 423 464 0 0 0 0 0
cpu2 72 15 134 467 391 0 0 0 0 0
cpu3 126 0 148 401 410 0 0 0 0 0
intr 54928 0 443 19605 0 0 0 160 0 0 0 0 8771 0 0 324 345 0 0 0 0 0 0 0 0 0 0 0 0 0 0 0 0 6 0 0 122 56 0 75 7213 2 0 0 0 0 0 0 0 0 0 0 0 6 0 17696 104 0 0 0 0 0 0 0 0
ctxt 71462
btime 0
processes 512
procs_running 2
procs_blocked 1
softirq 29885 15 1906 0 0 1633 0 6291 4238 0 15802

1117
cpu  336 29 610 1703 1725 0 2 0 0 0
cpu0 59 7 194 391 446 0 2 0 0 0
cpu1 58 6 124 442 464 0 0 0 0 0
cpu2 72 15 142 467 404 0 0 0 0 0
cpu3 146 0 149 401 410 0 0 0 0 0
intr 55552 0 443 19786 0 0 0 160 0 0 0 0 9008 0 0 324 345 0 0 0 0 0 0 0 0 0 0 0 0 0 0 0 0 6 0 0 122 56 0 75 7213 2 0 0 0 0 0 0 0 0 0 0 0 6 0 17880 126 0 0 0 0 0 0 0 0
ctxt 72619
btime 0
processes 512
procs_running 2
procs_blocked 1
softirq 30263 15 1932 0 0 1716 0 6291 4333 0 15976

1139
cpu  357 38 621 1734 1741 0 2 0 0 0
cpu0 59 11 195 405 447 0 2 0 0 0
cpu1 58 10 124 459 464 0 0 0 0 0
cpu2 73 15 149 467 417 0 0 0 0 0
cpu3 166 0 151 401 410 0 0 0 0 0
intr 56172 0 446 19990 0 0 0 160 0 0 0 0 9233 0 0 324 345 0 0 0 0 0 0 0 0 0 0 0 0 0 0 0 0 6 0 0 122 56 0 75 7213 2 0 0 0 0 0 0 0 0 0 0 0 6 0 18044 150 0 0 0 0 0 0 0 0
ctxt 73723
btime 0
processes 517
procs_running 2
procs_blocked 2
softirq 30669 15 1965 0 0 1788 0 6291 4430 0 16180

1161
cpu  374 46 629 1753 1775 0 2 0 0 0
cpu0 59 17 198 405 461 0 2 0 0 0
cpu1 58 13 125 478 464 0 0 0 0 0
cpu2 73 15 152 467 436 0 0 0 0 0
cpu3 183 0 153 402 412 0 0 0 0 0
intr 56805 0 447 20233 0 0 0 160 0 0 0 0 9414 0 0 324 345 0 0 0 0 0 0 0 0 0 0 0 0 0 0 0 0 6 0 0 122 56 0 75 7213 2 0 0 0 0 0 0 0 0 0 0 0 6 0 18214 188 0 0 0 0 0 0 0 0
ctxt 74598
btime 0
processes 518
procs_running 1
procs_blocked 2
softirq 30961 15 1997 0 0 1793 0 6291 4518 0 16347

1182
cpu  374 50 631 1816 1790 0 2 0 0 0
cpu0 59 21 199 405 476 0 2 0 0 0
cpu1 58 13 125 499 464 0 0 0 0 0
cpu2 73 15 153 487 436 0 0 0 0 0
cpu3 183 0 153 424 412 0 0 0 0 0
intr 57134 0 447 20290 0 0 0 160 0 0 0 0 9496 0 0 327 345 0 0 0 0 0 0 0 0 0 0 0 0 0 0 0 0 6 0 0 122 56 0 75 7213 2 0 0 0 0 0 0 0 0 0 0 0 6 0 18401 188 0 0 0 0 0 0 0 0
ctxt 75225
btime 0
processes 518
procs_running 1
procs_blocked 2
softirq 31056 15 2010 0 0 1796 0 6291 4559 0 16385

1204
cpu  379 52 643 1860 1811 0 2 0 0 0
cpu0 61 22 201 405 492 0 2 0 0 0
cpu1 58 13 126 519 464 0 0 0 0 0
cpu2 73 16 157 497 441 0 0 0 0 0
cpu3 186 0 157 438 412 0 0 0 0 0
intr 57710 0 453 20546 0 0 0 160 0 0 0 0 9634 0 0 327 345 0 0 0 0 0 0 0 0 0 0 0 0 0 0 0 0 6 0 0 122 56 0 75 7213 2 0 0 0 0 0 0 0 0 0 0 0 6 0 18577 188 0 0 0 0 0 0 0 0
ctxt 76189
btime 0
processes 524
procs_running 2
procs_blocked 1
softirq 31691 15 2036 0 0 1824 0 6291 4636 0 16889

1225
cpu  392 53 651 1913 1821 0 2 0 0 0
cpu0 63 22 201 420 495 0 2 0 0 0
cpu1 60 13 132 532 464 0 0 0 0 0
cpu2 81 16 159 502 449 0 0 0 0 0
cpu3 186 0 157 459 412 0 0 0 0 0
intr 58141 0 455 20673 0 0 0 160 0 0 0 0 9811 0 0 327 345 0 0 0 0 0 0 0 0 0 0 0 0 0 0 0 0 6 0 0 122 56 0 75 7213 2 0 0 0 0 0 0 0 0 0 0 0 6 0 18702 188 0 0 0 0 0 0 0 0
ctxt 76933
btime 0
processes 526
procs_running 2
procs_blocked 0
softirq 32319 15 2062 0 0 1881 0 6291 4714 0 17356

1246
cpu  398 53 657 1969 1839 0 2 0 0 0
cpu0 63 22 202 440 495 0 2 0 0 0
cpu1 66 13 137 532 477 0 0 0 0 0
cpu2 82 16 160 522 449 0 0 0 0 0
cpu3 186 0 158 474 416 0 0 0 0 0
intr 58551 0 456 20816 0 0 0 160 0 0 0 0 9911 0 0 327 345 0 0 0 0 0 0 0 0 0 0 0 0 0 0 0 0 6 0 0 122 56 0 75 7213 2 0 0 0 0 0 0 0 0 0 0 0 6 0 18868 188 0 0 0 0 0 0 0 0
ctxt 77730
btime 0
processes 526
procs_running 2
procs_blocked 0
softirq 32490 15 2078 0 0 1932 0 6291 4774 0 17400

1268
cpu  408 53 660 2031 1847 0 2 0 0 0
cpu0 63 23 202 460 495 0 2 0 0 0
cpu1 76 13 139 532 485 0 0 0 0 0
cpu2 82 16 161 542 449 0 0 0 0 0
cpu3 186 0 158 495 416 0 0 0 0 0
intr 59249 0 456 21332 0 0 0 160 0 0 0 0 10007 0 0 327 345 0 0 0 0 0 0 0 0 0 0 0 0 0 0 0 0 6 0 0 122 56 0 75 7213 2 0 0 0 0 0 0 0 0 0 0 0 6 0 18954 188 0 0 0 0 0 0 0 0
ctxt 79042
btime 0
processes 526
procs_running 2
procs_blocked 0
softirq 32626 15 2095 0 0 1951 0 6291 4824 0 17450

1289
cpu  428 54 665 2087 1851 0 2 0 0 0
cpu0 64 23 202 481 495 0 2 0 0 0
cpu1 91 13 141 532 489 0 0 0 0 0
cpu2 83 16 162 561 449 0 0 0 0 0
cpu3 189 0 159 512 417 0 0 0 0 0
intr 59508 0 457 21408 0 0 0 160 0 0 0 0 10131 0 0 328 345 0 0 0 0 0 0 0 0 0 0 0 0 0 0 0 0 6 0 0 122 56 0 75 7213 2 0 0 0 0 0 0 0 0 0 0 0 6 0 19011 188 0 0 0 0 0 0 0 0
ctxt 79422
btime 0
processes 530
procs_running 2
procs_blocked 0
softirq 32769 15 2116 0 0 1972 0 6291 4874 0 17501

1311
cpu  438 54 668 2149 1862 0 2 0 0 0
cpu0 64 23 202 502 495 0 2 0 0 0
cpu1 101 13 142 532 500 0 0 0 0 0
cpu2 83 16 164 581 449 0 0 0 0 0
cpu3 189 0 159 533 417 0 0 0 0 0
intr 59918 0 458 21546 0 0 0 160 0 0 0 0 10251 0 0 328 345 0 0 0 0 0 0 0 0 0 0 0 0 0 0 0 0 6 0 0 122 56 0 75 7213 2 0 0 0 0 0 0 0 0 0 0 0 6 0 19162 188 0 0 0 0 0 0 0 0
ctxt 80095
btime 0
processes 531
procs_running 1
procs_blocked 1
softirq 32981 15 2142 0 0 1976 0 6291 4935 0 17622

1332
cpu  450 54 673 2211 1871 0 2 0 0 0
cpu0 64 23 203 523 495 0 2 0 0 0
cpu1 113 13 146 532 508 0 0 0 0 0
cpu2 84 16 164 601 449 0 0 0 0 0
cpu3 189 0 159 554 417 0 0 0 0 0
intr 60252 0 458 21696 0 0 0 160 0 0 0 0 10349 0 0 328 345 0 0 0 0 0 0 0 0 0 0 0 0 0 0 0 0 6 0 0 122 56 0 75 7213 2 0 0 0 0 0 0 0 0 0 0 0 6 0 19248 188 0 0 0 0 0 0 0 0
ctxt 80645
btime 0
processes 531
procs_running 1
procs_blocked 1
softirq 33115 15 2157 0 0 1983 0 6291 4993 0 17676

1353
cpu  454 54 675 2273 1888 0 2 0 0 0
cpu0 64 23 203 544 495 0 2 0 0 0
cpu1 116 13 147 532 525 0 0 0 0 0
cpu2 84 16 165 621 449 0 0 0 0 0
cpu3 189 0 159 575 417 0 0 0 0 0
intr 60592 0 458 21792 0 0 0 160 0 0 0 0 10434 0 0 328 345 0 0 0 0 0 0 0 0 0 0 0 0 0 0 0 0 6 0 0 122 56 0 75 7213 2 0 0 0 0 0 0 0 0 0 0 0 6 0 19407 188 0 0 0 0 0 0 0 0
ctxt 81247
btime 0
processes 531
procs_running 2
procs_blocked 0
softirq 33221 15 2177 0 0 1984 0 6291 5033 0 17721

1376
cpu  464 54 680 2337 1896 0 2 0 0 0
cpu0 65 23 204 558 499 0 2 0 0 0
cpu1 124 13 150 539 530 0 0 0 0 0
cpu2 85 16 166 641 449 0 0 0 0 0
cpu3 189 0 159 597 417 0 0 0 0 0
intr 61103 0 459 22009 0 0 0 160 0 0 0 0 10552 0 0 328 345 0 0 0 0 0 0 0 0 0 0 0 0 0 0 0 0 6 0 0 122 56 0 75 7213 2 0 0 0 0 0 0 0 0 0 0 0 6 0 19582 188 0 0 0 0 0 0 0 0
ctxt 82168
btime 0
processes 531
procs_running 2
procs_blocked 0
softirq 33416 15 2202 0 0 1990 0 6291 5104 0 17814

1397
cpu  477 54 684 2399 1901 0 2 0 0 0
cpu0 78 23 208 558 503 0 2 0 0 0
cpu1 124 13 150 560 530 0 0 0 0 0
cpu2 85 16 167 661 449 0 0 0 0 0
cpu3 189 0 159 618 417 0 0 0 0 0
intr 61293 0 459 22032 0 0 0 160 0 0 0 0 10661 0 0 328 345 0 0 0 0 0 0 0 0 0 0 0 0 0 0 0 0 6 0 0 122 56 0 75 7213 2 0 0 0 0 0 0 0 0 0 0 0 6 0 19640 188 0 0 0 0 0 0 0 0
ctxt 82499
btime 0
processes 531
procs_running 2
procs_blocked 1
softirq 33561 15 2219 0 0 1992 0 6291 5142 0 17902

1418
cpu  488 54 692 2461 1907 0 2 0 0 0
cpu0 88 23 212 563 505 0 2 0 0 0
cpu1 124 13 150 576 533 0 0 0 0 0
cpu2 85 16 169 681 449 0 0 0 0 0
cpu3 189 0 159 640 417 0 0 0 0 0
intr 61538 0 465 22092 0 0 0 160 0 0 0 0 10783 0 0 328 345 0 0 0 0 0 0 0 0 0 0 0 0 0 0 0 0 6 0 0 122 56 0 75 7213 2 0 0 0 0 0 0 0 0 0 0 0 6 0 19697 188 0 0 0 0 0 0 0 0
ctxt 82909
btime 0
processes 537
procs_running 1
procs_blocked 1
softirq 33707 15 2239 0 0 2007 0 6291 5194 0 17961

1440
cpu  488 54 693 2524 1928 0 2 0 0 0
cpu0 88 23 212 584 505 0 2 0 0 0
cpu1 124 13 150 576 555 0 0 0 0 0
cpu2 85 16 170 701 449 0 0 0 0 0
cpu3 189 0 159 661 417 0 0 0 0 0
intr 61660 0 465 22121 0 0 0 160 0 0 0 0 10830 0 0 328 345 0 0 0 0 0 0 0 0 0 0 0 0 0 0 0 0 6 0 0 122 56 0 75 7213 2 0 0 0 0 0 0 0 0 0 0 0 6 0 19743 188 0 0 0 0 0 0 0 0
ctxt 83055
btime 0
processes 537
procs_running 1
procs_blocked 1
softirq 33747 15 2247 0 0 2007 0 6291 5209 0 17978

1461
cpu  489 54 696 2587 1948 0 2 0 0 0
cpu0 88 23 212 606 505 0 2 0 0 0
cpu1 126 13 152 576 574 0 0 0 0 0
cpu2 85 16 172 721 449 0 0 0 0 0
cpu3 189 0 159 682 417 0 0 0 0 0
intr 61794 0 465 22153 0 0 0 160 0 0 0 0 10888 0 0 328 345 0 0 0 0 0 0 0 0 0 0 0 0 0 0 0 0 6 0 0 122 56 0 75 7213 2 0 0 0 0 0 0 0 0 0 0 0 6 0 19787 188 0 0 0 0 0 0 0 0
ctxt 83298
btime 0
processes 537
procs_running 1
procs_blocked 1
softirq 33803 15 2257 0 0 2007 0 6291 5231 0 18002

1483
cpu  490 54 698 2649 1969 0 2 0 0 0
cpu0 88 23 213 627 505 0 2 0 0 0
cpu1 126 13 153 576 595 0 0 0 0 0
cpu2 86 16 172 741 449 0 0 0 0 0
cpu3 189 0 159 704 417 0 0 0 0 0
intr 61926 0 465 22186 0 0 0 160 0 0 0 0 10946 0 0 329 345 0 0 0 0 0 0 0 0 0 0 0 0 0 0 0 0 6 0 0 122 56 0 75 7213 2 0 0 0 0 0 0 0 0 0 0 0 6 0 19827 188 0 0 0 0 0 0 0 0
ctxt 83446
btime 0
processes 537
procs_running 1
procs_blocked 1
softirq 33868 15 2273 0 0 2007 0 6291 5260 0 18022

1504
cpu  491 54 702 2711 1987 0 2 0 0 0
cpu0 88 23 215 632 519 0 2 0 0 0
cpu1 126 13 153 593 599 0 0 0 0 0
cpu2 87 16 173 761 449 0 0 0 0 0
cpu3 189 0 160 724 417 0 0 0 0 0
intr 62208 0 465 22245 0 0 0 160 0 0 0 0 11051 0 0 329 345 0 0 0 0 0 0 0 0 0 0 0 0 0 0 0 0 6 0 0 122 56 0 75 7213 2 0 0 0 0 0 0 0 0 0 0 0 6 0 19945 188 0 0 0 0 0 0 0 0
ctxt 83903
btime 0
processes 537
procs_running 2
procs_blocked 0
softirq 34032 15 2298 0 0 2012 0 6291 5321 0 18095

1525
cpu  493 54 704 2774 2004 0 2 0 0 0
cpu0 90 23 216 636 533 0 2 0 0 0
cpu1 126 13 153 615 599 0 0 0 0 0
cpu2 88 16 173 781 449 0 0 0 0 0
cpu3 189 0 160 741 421 0 0 0 0 0
intr 62459 0 470 22314 0 0 0 160 0 0 0 0 11133 0 0 329 345 0 0 0 0 0 0 0 0 0 0 0 0 0 0 0 0 6 0 0 122 56 0 75 7213 2 0 0 0 0 0 0 0 0 0 0 0 6 0 20040 188 0 0 0 0 0 0 0 0
ctxt 84384
btime 0
processes 541
procs_running 1
procs_blocked 7
softirq 34152 15 2315 0 0 2016 0 6291 5360 0 18155

1547
cpu  493 54 710 2836 2020 0 2 0 0 0
cpu0 90 23 220 636 549 0 2 0 0 0
cpu1 126 13 153 636 599 0 0 0 0 0
cpu2 88 16 175 800 449 0 0 0 0 0
cpu3 189 0 160 762 421 0 0 0 0 0
intr 62757 0 481 22418 0 0 0 160 0 0 0 0 11248 0 0 329 345 0 0 0 0 0 0 0 0 0 0 0 0 0 0 0 0 6 0 0 122 56 0 75 7213 2 0 0 0 0 0 0 0 0 0 0 0 6 0 20108 188 0 0 0 0 0 0 0 0
ctxt 85007
btime 0
processes 552
procs_running 1
procs_blocked 1
softirq 34351 15 2341 0 0 2026 0 6291 5409 0 18269

1568
cpu  493 54 711 2898 2041 0 2 0 0 0
cpu0 90 23 220 636 570 0 2 0 0 0
cpu1 126 13 153 657 599 0 0 0 0 0
cpu2 88 16 176 820 449 0 0 0 0 0
cpu3 189 0 160 784 421 0 0 0 0 0
intr 62903 0 495 22466 0 0 0 160 0 0 0 0 11294 0 0 329 345 0 0 0 0 0 0 0 0 0 0 0 0 0 0 0 0 6 0 0 122 56 0 75 7213 2 0 0 0 0 0 0 0 0 0 0 0 6 0 20146 188 0 0 0 0 0 0 0 0
ctxt 85264
btime 0
processes 566
procs_running 1
procs_blocked 25
softirq 34399 15 2349 0 0 2032 0 6291 5425 0 18287

1590
cpu  494 54 718 2961 2056 0 2 0 0 0
cpu0 90 23 226 637 583 0 2 0 0 0
cpu1 126 13 153 678 599 0 0 0 0 0
cpu2 88 16 178 839 451 0 0 0 0 0
cpu3 189 0 160 805 421 0 0 0 0 0
intr 63352 0 507 22561 0 0 0 160 0 0 0 0 11416 0 0 329 345 0 0 0 0 0 0 0 0 0 0 0 0 0 0 0 0 6 0 0 122 56 0 75 7213 2 0 0 0 0 0 0 0 0 0 0 0 6 0 20366 188 0 0 0 0 0 0 0 0
ctxt 86171
btime 0
processes 578
procs_running 1
procs_blocked 1
softirq 34581 15 2376 0 0 2048 0 6291 5488 0 18363

1611
cpu  496 54 722 3023 2071 0 2 0 0 0
cpu0 92 23 228 637 598 0 2 0 0 0
cpu1 126 13 154 699 599 0 0 0 0 0
cpu2 88 16 179 859 451 0 0 0 0 0
cpu3 189 0 160 826 421 0 0 0 0 0
intr 63769 0 507 22581 0 0 0 160 0 0 0 0 11536 0 0 329 345 0 0 0 0 0 0 0 0 0 0 0 0 0 0 0 0 6 0 0 122 56 0 75 7213 2 0 0 0 0 0 0 0 0 0 0 0 6 0 20643 188 0 0 0 0 0 0 0 0
ctxt 87019
btime 0
processes 578
procs_running 2
procs_blocked 0
softirq 34750 15 2405 0 0 2056 0 6291 5549 0 18434

1633
cpu  503 54 727 3085 2083 0 2 0 0 0
cpu0 94 23 230 656 599 0 2 0 0 0
cpu1 130 13 156 701 611 0 0 0 0 0
cpu2 88 16 180 879 451 0 0 0 0 0
cpu3 189 0 161 848 421 0 0 0 0 0
intr 64553 0 509 23117 0 0 0 160 0 0 0 0 11649 0 0 329 345 0 0 0 0 0 0 0 0 0 0 0 0 0 0 0 0 6 0 0 122 56 0 75 7213 2 0 0 0 0 0 0 0 0 0 0 0 6 0 20776 188 0 0 0 0 0 0 0 0
ctxt 88486
btime 0
processes 579
procs_running 1
procs_blocked 1
softirq 34967 15 2430 0 0 2060 0 6291 5601 0 18570

1654
cpu  508 54 730 3148 2100 0 2 0 0 0
cpu0 94 23 230 677 599 0 2 0 0 0
cpu1 135 13 156 701 628 0 0 0 0 0
cpu2 88 16 182 899 451 0 0 0 0 0
cpu3 189 0 161 869 421 0 0 0 0 0
intr 64919 0 509 23213 0 0 0 160 0 0 0 0 11773 0 0 329 345 0 0 0 0 0 0 0 0 0 0 0 0 0 0 0 0 6 0 0 122 56 0 75 7213 2 0 0 0 0 0 0 0 0 0 0 0 6 0 20922 188 0 0 0 0 0 0 0 0
ctxt 89071
btime 0
processes 579
procs_running 1
procs_blocked 1
softirq 35141 15 2460 0 0 2060 0 6291 5666 0 18649

1676
cpu  511 54 732 3210 2117 0 2 0 0 0
cpu0 94 23 230 698 599 0 2 0 0 0
cpu1 138 13 157 701 645 0 0 0 0 0
cpu2 89 16 183 919 451 0 0 0 0 0
cpu3 189 0 161 890 421 0 0 0 0 0
intr 65416 0 509 23355 0 0 0 160 0 0 0 0 11897 0 0 330 345 0 0 0 0 0 0 0 0 0 0 0 0 0 0 0 0 6 0 0 122 56 0 75 7213 2 0 0 0 0 0 0 0 0 0 0 0 6 0 21152 188 0 0 0 0 0 0 0 0
ctxt 89930
btime 0
processes 579
procs_running 1
procs_blocked 1
softirq 35321 15 2493 0 0 2060 0 6291 5731 0 18731

1697
cpu  514 54 736 3270 2134 0 2 0 0 0
cpu0 95 23 231 717 600 0 2 0 0 0
cpu1 138 13 158 704 661 0 0 0 0 0
cpu2 90 16 184 938 451 0 0 0 0 0
cpu3 190 0 163 909 421 0 0 0 0 0
intr 65804 0 510 23467 0 0 0 160 0 0 0 0 12006 0 0 330 345 0 0 0 0 0 0 0 0 0 0 0 0 0 0 0 0 6 0 0 122 56 0 75 7213 2 0 0 0 0 0 0 0 0 0 0 0 6 0 21318 188 0 0 0 0 0 0 0 0
ctxt 90568
btime 0
processes 580
procs_running 3
procs_blocked 0
softirq 35464 15 2516 0 0 2060 0 6291 5786 0 18796

1719
cpu  534 54 761 3303 2142 0 2 0 0 0
cpu0 102 23 242 719 603 0 2 0 0 0
cpu1 142 14 160 719 661 0 0 0 0 0
cpu2 94 16 187 950 452 0 0 0 0 0
cpu3 195 0 170 914 424 0 0 0 0 0
intr 66971 0 535 24108 0 0 0 160 0 0 0 0 12239 0 0 330 345 0 0 0 0 0 0 0 0 0 0 0 0 0 0 0 0 6 0 0 122 56 0 75 7213 2 0 0 0 0 0 0 0 0 0 0 0 6 0 21586 188 0 0 0 0 0 0 0 0
ctxt 93210
btime 0
processes 605
procs_running 3
procs_blocked 0
softirq 36685 15 2551 0 0 2096 0 6291 5921 0 19811

1741
cpu  548 55 775 3354 2150 0 2 0 0 0
cpu0 112 23 248 723 605 0 2 0 0 0
cpu1 143 14 162 736 663 0 0 0 0 0
cpu2 94 16 189 964 456 0 0 0 0 0
cpu3 198 0 174 930 425 0 0 0 0 0
intr 67800 0 548 24580 0 0 0 160 0 0 0 0 12456 0 0 330 345 0 0 0 0 0 0 0 0 0 0 0 0 0 0 0 0 6 0 0 122 56 0 75 7213 2 0 0 0 0 0 0 0 0 0 0 0 6 0 21713 188 0 0 0 0 0 0 0 0
ctxt 94546
btime 0
processes 617
procs_running 3
procs_blocked 0
softirq 37006 15 2591 0 0 2097 0 6291 6024 0 19988

1763
cpu  568 55 787 3407 2152 0 2 0 0 0
cpu0 124 23 254 726 606 0 2 0 0 0
cpu1 146 14 166 751 663 0 0 0 0 0
cpu2 96 16 191 982 456 0 0 0 0 0
cpu3 200 0 176 947 425 0 0 0 0 0
intr 68518 0 551 25084 0 0 0 160 0 0 0 0 12623 0 0 330 345 0 0 0 0 0 0 0 0 0 0 0 0 0 0 0 0 6 0 0 122 56 0 75 7213 2 0 0 0 0 0 0 0 0 0 0 0 6 0 21757 188 0 0 0 0 0 0 0 0
ctxt 95782
btime 0
processes 621
procs_running 2
procs_blocked 0
softirq 37306 15 2619 0 0 2097 0 6291 6117 0 20167

1785
cpu  580 55 798 3467 2154 0 2 0 0 0
cpu0 132 23 260 732 606 0 2 0 0 0
cpu1 146 14 167 771 663 0 0 0 0 0
cpu2 100 16 192 997 458 0 0 0 0 0
cpu3 200 0 177 966 425 0 0 0 0 0
intr 68860 0 551 25250 0 0 0 160 0 0 0 0 12770 0 0 330 345 0 0 0 0 0 0 0 0 0 0 0 0 0 0 0 0 6 0 0 122 56 0 75 7213 2 0 0 0 0 0 0 0 0 0 0 0 6 0 21786 188 0 0 0 0 0 0 0 0
ctxt 96266
btime 0
processes 621
procs_running 1
procs_blocked 4
softirq 37588 15 2646 0 0 2097 0 6291 6199 0 20340

1806
cpu  586 55 805 3487 2206 0 2 0 0 0
cpu0 136 23 263 732 622 0 2 0 0 0
cpu1 148 14 169 771 681 0 0 0 0 0
cpu2 100 16 193 997 476 0 0 0 0 0
cpu3 201 0 178 986 425 0 0 0 0 0
intr 69537 0 551 25445 0 0 0 160 0 0 0 0 12970 0 0 330 345 0 0 0 0 0 0 0 0 0 0 0 0 0 0 0 0 6 0 0 122 56 0 75 7213 2 0 0 0 0 0 0 0 0 0 0 0 6 0 22068 188 0 0 0 0 0 0 0 0
ctxt 97179
btime 0
processes 621
procs_running 2
procs_blocked 3
softirq 37867 15 2682 0 0 2097 0 6291 6304 0 20478

1828
cpu  593 55 809 3507 2260 0 2 0 0 0
cpu0 140 23 264 732 639 0 2 0 0 0
cpu1 149 14 170 771 700 0 0 0 0 0
cpu2 102 16 194 997 494 0 0 0 0 0
cpu3 201 0 180 1006 425 0 0 0 0 0
intr 70181 0 551 25693 0 0 0 160 0 0 0 0 13152 0 0 330 345 0 0 0 0 0 0 0 0 0 0 0 0 0 0 0 0 6 0 0 122 56 0 75 7213 2 0 0 0 0 0 0 0 0 0 0 0 6 0 22282 188 0 0 0 0 0 0 0 0
ctxt 97935
btime 0
processes 621
procs_running 3
procs_blocked 3
softirq 38119 15 2714 0 0 2097 0 6291 6404 0 20598

1849
cpu  600 55 812 3547 2292 0 2 0 0 0
cpu0 142 23 264 749 641 0 2 0 0 0
cpu1 152 14 171 771 717 0 0 0 0 0
cpu2 104 16 196 1000 507 0 0 0 0 0
cpu3 201 0 181 1026 425 0 0 0 0 0
intr 70765 0 551 25899 0 0 0 160 0 0 0 0 13303 0 0 330 345 0 0 0 0 0 0 0 0 0 0 0 0 0 0 0 0 6 0 0 122 56 0 75 7213 2 0 0 0 0 0 0 0 0 0 0 0 6 0 22510 188 0 0 0 0 0 0 0 0
ctxt 98700
btime 0
processes 621
procs_running 2
procs_blocked 4
softirq 38321 15 2744 0 0 2097 0 6291 6482 0 20692

1871
cpu  606 55 818 3577 2335 0 2 0 0 0
cpu0 144 23 264 768 641 0 2 0 0 0
cpu1 153 14 172 774 732 0 0 0 0 0
cpu2 105 16 196 1005 521 0 0 0 0 0
cpu3 202 0 185 1028 439 0 0 0 0 0
intr 71477 0 551 26177 0 0 0 160 0 0 0 0 13479 0 0 330 345 0 0 0 0 0 0 0 0 0 0 0 0 0 0 0 0 6 0 0 122 56 0 75 7213 2 0 0 0 0 0 0 0 0 0 0 0 6 0 22767 188 0 0 0 0 0 0 0 0
ctxt 99576
btime 0
processes 621
procs_running 1
procs_blocked 4
softirq 38610 15 2774 0 0 2097 0 6291 6576 0 20857

1893
cpu  608 55 821 3614 2376 0 2 0 0 0
cpu0 145 23 264 784 646 0 2 0 0 0
cpu1 154 14 172 775 749 0 0 0 0 0
cpu2 105 16 197 1006 541 0 0 0 0 0
cpu3 202 0 186 1048 439 0 0 0 0 0
intr 72001 0 551 26380 0 0 0 160 0 0 0 0 13595 0 0 331 345 0 0 0 0 0 0 0 0 0 0 0 0 0 0 0 0 6 0 0 122 56 0 75 7213 2 0 0 0 0 0 0 0 0 0 0 0 6 0 22971 188 0 0 0 0 0 0 0 0
ctxt 100281
btime 0
processes 621
procs_running 1
procs_blocked 4
softirq 38767 15 2798 0 0 2097 0 6291 6639 0 20927

1914
cpu  609 55 824 3638 2434 0 2 0 0 0
cpu0 145 23 265 785 665 0 2 0 0 0
cpu1 155 14 173 777 767 0 0 0 0 0
cpu2 105 16 197 1006 562 0 0 0 0 0
cpu3 202 0 188 1068 439 0 0 0 0 0
intr 72431 0 551 26557 0 0 0 160 0 0 0 0 13680 0 0 331 345 0 0 0 0 0 0 0 0 0 0 0 0 0 0 0 0 6 0 0 122 56 0 75 7213 2 0 0 0 0 0 0 0 0 0 0 0 6 0 23139 188 0 0 0 0 0 0 0 0
ctxt 100853
btime 0
processes 621
procs_running 3
procs_blocked 2
softirq 38866 15 2817 0 0 2097 0 6291 6681 0 20965

1936
cpu  611 55 826 3700 2454 0 2 0 0 0
cpu0 145 23 265 806 665 0 2 0 0 0
cpu1 155 14 174 798 767 0 0 0 0 0
cpu2 107 16 197 1006 582 0 0 0 0 0
cpu3 203 0 189 1088 439 0 0 0 0 0
intr 72747 0 551 26651 0 0 0 160 0 0 0 0 13741 0 0 331 345 0 0 0 0 0 0 0 0 0 0 0 0 0 0 0 0 6 0 0 122 56 0 75 7213 2 0 0 0 0 0 0 0 0 0 0 0 6 0 23300 188 0 0 0 0 0 0 0 0
ctxt 101395
btime 0
processes 621
procs_running 1
procs_blocked 1
softirq 38942 15 2834 0 0 2097 0 6291 6713 0 20992

1957
cpu  612 55 828 3763 2473 0 2 0 0 0
cpu0 145 23 265 828 665 0 2 0 0 0
cpu1 155 14 174 820 767 0 0 0 0 0
cpu2 108 16 198 1006 601 0 0 0 0 0
cpu3 203 0 190 1108 439 0 0 0 0 0
intr 73085 0 551 26750 0 0 0 160 0 0 0 0 13796 0 0 331 345 0 0 0 0 0 0 0 0 0 0 0 0 0 0 0 0 6 0 0 122 56 0 75 7213 2 0 0 0 0 0 0 0 0 0 0 0 6 0 23484 188 0 0 0 0 0 0 0 0
ctxt 102038
btime 0
processes 621
procs_running 1
procs_blocked 1
softirq 39001 15 2848 0 0 2097 0 6291 6739 0 21011

1979
cpu  618 55 834 3824 2486 0 2 0 0 0
cpu0 146 23 266 847 665 0 2 0 0 0
cpu1 156 14 174 832 774 0 0 0 0 0
cpu2 112 16 199 1021 603 0 0 0 0 0
cpu3 203 0 193 1123 442 0 0 0 0 0
intr 73543 0 551 26933 0 0 0 160 0 0 0 0 13921 0 0 331 345 0 0 0 0 0 0 0 0 0 0 0 0 0 0 0 0 6 0 0 122 56 0 75 7213 2 0 0 0 0 0 0 0 0 0 0 0 6 0 23634 188 0 0 0 0 0 0 0 0
ctxt 102848
btime 0
processes 621
procs_running 1
procs_blocked 1
softirq 39222 15 2867 0 0 2163 0 6291 6807 0 21079

2000
cpu  620 55 841 3886 2500 0 2 0 0 0
cpu0 147 23 268 865 666 0 2 0 0 0
cpu1 156 14 174 853 774 0 0 0 0 0
cpu2 112 16 199 1041 604 0 0 0 0 0
cpu3 204 0 199 1126 454 0 0 0 0 0
intr 74007 0 551 27118 0 0 0 160 0 0 0 0 14032 0 0 331 345 0 0 0 0 0 0 0 0 0 0 0 0 0 0 0 0 6 0 0 122 56 0 75 7213 2 0 0 0 0 0 0 0 0 0 0 0 6 0 23802 188 0 0 0 0 0 0 0 0
ctxt 103811
btime 0
processes 621
procs_running 1
procs_blocked 1
softirq 39456 15 2886 0 0 2247 0 6291 6873 0 21144

2022
cpu  623 55 846 3946 2516 0 2 0 0 0
cpu0 148 23 270 881 666 0 2 0 0 0
cpu1 156 14 174 874 774 0 0 0 0 0
cpu2 112 16 199 1057 608 0 0 0 0 0
cpu3 205 0 201 1132 466 0 0 0 0 0
intr 75082 0 551 27490 0 0 0 160 0 0 0 0 14119 0 0 331 345 0 0 0 0 0 0 0 0 0 0 0 0 0 0 0 0 6 0 0 122 56 0 75 7213 2 0 0 0 0 0 0 0 0 0 0 0 6 0 24418 188 0 0 0 0 0 0 0 0
ctxt 106574
btime 0
processes 621
procs_running 1
procs_blocked 1
softirq 39870 15 2904 0 0 2555 0 6291 6918 0 21187

2044
cpu  624 55 851 4007 2534 0 2 0 0 0
cpu0 149 23 273 899 666 0 2 0 0 0
cpu1 156 14 174 896 774 0 0 0 0 0
cpu2 112 16 199 1079 608 0 0 0 0 0
cpu3 205 0 204 1132 485 0 0 0 0 0
intr 76623 0 551 28018 0 0 0 160 0 0 0 0 14171 0 0 331 345 0 0 0 0 0 0 0 0 0 0 0 0 0 0 0 0 6 0 0 122 56 0 75 7213 2 0 0 0 0 0 0 0 0 0 0 0 6 0 25379 188 0 0 0 0 0 0 0 0
ctxt 110580
btime 0
processes 621
procs_running 1
procs_blocked 1
softirq 40399 15 2912 0 0 3035 0 6291 6945 0 21201

2065
cpu  624 55 856 4069 2552 0 2 0 0 0
cpu0 149 23 274 918 666 0 2 0 0 0
cpu1 156 14 174 917 774 0 0 0 0 0
cpu2 112 16 199 1101 608 0 0 0 0 0
cpu3 206 0 207 1132 502 0 0 0 0 0
intr 78171 0 551 28545 0 0 0 160 0 0 0 0 14226 0 0 331 345 0 0 0 0 0 0 0 0 0 0 0 0 0 0 0 0 6 0 0 122 56 0 75 7213 2 0 0 0 0 0 0 0 0 0 0 0 6 0 26345 188 0 0 0 0 0 0 0 0
ctxt 114622
btime 0
processes 621
procs_running 1
procs_blocked 1
softirq 40988 15 2926 0 0 3518 0 6291 6979 0 21259

2087
cpu  626 55 859 4132 2570 0 2 0 0 0
cpu0 150 23 275 937 666 0 2 0 0 0
cpu1 156 14 174 939 774 0 0 0 0 0
cpu2 112 16 199 1122 608 0 0 0 0 0
cpu3 206 0 210 1132 520 0 0 0 0 0
intr 79732 0 551 29078 0 0 0 160 0 0 0 0 14281 0 0 332 345 0 0 0 0 0 0 0 0 0 0 0 0 0 0 0 0 6 0 0 122 56 0 75 7213 2 0 0 0 0 0 0 0 0 0 0 0 6 0 27317 188 0 0 0 0 0 0 0 0
ctxt 118685
btime 0
processes 621
procs_running 1
procs_blocked 1
softirq 41537 15 2937 0 0 4004 0 6291 7010 0 21280

2109
cpu  626 55 864 4195 2586 0 2 0 0 0
cpu0 150 23 276 957 666 0 2 0 0 0
cpu1 156 14 174 960 774 0 0 0 0 0
cpu2 112 16 199 1144 608 0 0 0 0 0
cpu3 206 0 213 1132 537 0 0 0 0 0
intr 81304 0 551 29610 0 0 0 160 0 0 0 0 14349 0 0 332 345 0 0 0 0 0 0 0 0 0 0 0 0 0 0 0 0 6 0 0 122 56 0 75 7213 2 0 0 0 0 0 0 0 0 0 0 0 6 0 28289 188 0 0 0 0 0 0 0 0
ctxt 122637
btime 0
processes 621
procs_running 1
procs_blocked 1
softirq 42126 15 2951 0 0 4490 0 6291 7051 0 21328

2131
cpu  629 55 870 4258 2601 0 2 0 0 0
cpu0 151 23 278 974 668 0 2 0 0 0
cpu1 156 14 174 982 774 0 0 0 0 0
cpu2 113 16 200 1163 609 0 0 0 0 0
cpu3 208 0 218 1137 548 0 0 0 0 0
intr 82510 0 551 30046 0 0 0 160 0 0 0 0 14447 0 0 332 345 0 0 0 0 0 0 0 0 0 0 0 0 0 0 0 0 6 0 0 122 56 0 75 7213 2 0 0 0 0 0 0 0 0 0 0 0 6 0 28961 188 0 0 0 0 0 0 0 0
ctxt 125578
btime 0
processes 621
procs_running 1
procs_blocked 1
softirq 42585 15 2966 0 0 4826 0 6291 7112 0 21375

2152
cpu  631 55 878 4317 2618 0 2 0 0 0
cpu0 152 23 280 990 670 0 2 0 0 0
cpu1 157 14 174 1003 774 0 0 0 0 0
cpu2 114 16 204 1168 621 0 0 0 0 0
cpu3 208 0 219 1154 550 0 0 0 0 0
intr 82977 0 551 30212 0 0 0 160 0 0 0 0 14569 0 0 332 345 0 0 0 0 0 0 0 0 0 0 0 0 0 0 0 0 6 0 0 122 56 0 75 7213 2 0 0 0 0 0 0 0 0 0 0 0 6 0 29140 188 0 0 0 0 0 0 0 0
ctxt 126587
btime 0
processes 621
procs_running 1
procs_blocked 1
softirq 42883 15 2990 0 0 4915 0 6291 7181 0 21491

2174
cpu  636 55 886 4380 2630 0 2 0 0 0
cpu0 154 23 284 997 679 0 2 0 0 0
cpu1 157 14 175 1024 774 0 0 0 0 0
cpu2 115 16 205 1183 626 0 0 0 0 0
cpu3 209 0 220 1174 550 0 0 0 0 0
intr 83346 0 551 30307 0 0 0 160 0 0 0 0 14678 0 0 332 345 0 0 0 0 0 0 0 0 0 0 0 0 0 0 0 0 6 0 0 122 56 0 75 7213 2 0 0 0 0 0 0 0 0 0 0 0 6 0 29305 188 0 0 0 0 0 0 0 0
ctxt 127449
btime 0
processes 621
procs_running 2
procs_blocked 0
softirq 43117 15 3010 0 0 4998 0 6291 7246 0 21557

2196
cpu  647 55 895 4435 2641 0 2 0 0 0
cpu0 161 23 286 1008 681 0 2 0 0 0
cpu1 158 14 176 1037 781 0 0 0 0 0
cpu2 115 16 206 1204 626 0 0 0 0 0
cpu3 212 0 226 1185 552 0 0 0 0 0
intr 84252 0 554 30754 0 0 0 160 0 0 0 0 14838 0 0 332 345 0 0 0 0 0 0 0 0 0 0 0 0 0 0 0 0 6 0 0 122 56 0 75 7213 2 0 0 0 0 0 0 0 0 0 0 0 6 0 29602 188 0 0 0 0 0 0 0 0
ctxt 128978
btime 0
processes 624
procs_running 2
procs_blocked 1
softirq 43384 15 3041 0 0 4998 0 6291 7342 0 21697

2219
cpu  666 68 932 4449 2650 0 2 0 0 0
cpu0 168 26 292 1013 684 0 2 0 0 0
cpu1 160 19 185 1042 784 0 0 0 0 0
cpu2 120 16 220 1206 627 0 0 0 0 0
cpu3 217 7 233 1186 554 0 0 0 0 0
intr 85716 0 571 31554 0 0 0 160 0 0 0 0 15091 0 0 332 345 0 0 0 0 0 0 0 0 0 0 0 0 0 0 0 0 6 0 0 122 56 0 75 7213 2 0 0 0 0 0 0 0 0 0 0 0 6 0 29995 188 0 0 0 0 0 0 0 0
ctxt 131567
btime 0
processes 646
procs_running 6
procs_blocked 0
softirq 44401 15 3083 0 0 4999 0 6291 7469 0 22544

2241
cpu  696 70 958 4468 2658 0 2 0 0 0
cpu0 176 26 300 1016 685 0 2 0 0 0
cpu1 165 21 192 1049 786 0 0 0 0 0
cpu2 128 16 224 1209 632 0 0 0 0 0
cpu3 226 7 241 1192 554 0 0 0 0 0
intr 87345 0 575 32854 0 0 0 160 0 0 0 0 15322 0 0 332 345 0 0 0 0 0 0 0 0 0 0 0 0 0 0 0 0 6 0 0 122 56 0 75 7213 2 0 0 0 0 0 0 0 0 0 0 0 6 0 30089 188 0 0 0 0 0 0 0 0
ctxt 134529
btime 0
processes 652
procs_running 4
procs_blocked 0
softirq 45040 15 3120 0 0 4999 0 6291 7605 0 23010

2263
cpu  712 70 967 4529 2659 0 2 0 0 0
cpu0 178 26 301 1035 685 0 2 0 0 0
cpu1 173 21 196 1059 786 0 0 0 0 0
cpu2 132 16 226 1225 633 0 0 0 0 0
cpu3 229 7 243 1208 554 0 0 0 0 0
intr 88156 0 584 33418 0 0 0 160 0 0 0 0 15527 0 0 332 345 0 0 0 0 0 0 0 0 0 0 0 0 0 0 0 0 6 0 0 122 56 0 75 7213 2 0 0 0 0 0 0 0 0 0 0 0 6 0 30122 188 0 0 0 0 0 0 0 0
ctxt 136235
btime 1719172375
processes 662
procs_running 1
procs_blocked 0
softirq 45364 15 3152 0 0 4999 0 6291 7721 0 23186

2285
cpu  726 71 980 4584 2663 0 2 0 0 0
cpu0 180 26 304 1049 686 0 2 0 0 0
cpu1 175 21 201 1073 786 0 0 0 0 0
cpu2 138 16 229 1237 634 0 0 0 0 0
cpu3 232 7 244 1224 555 0 0 0 0 0
intr 88822 0 599 33766 0 0 0 160 0 0 0 0 15734 0 0 333 345 0 0 0 0 0 0 0 0 0 0 0 0 0 0 0 0 6 0 0 122 56 0 75 7213 2 0 0 0 0 0 0 0 0 0 0 0 6 0 30217 188 0 0 0 0 0 0 0 0
ctxt 137403
btime 1719172375
processes 673
procs_running 3
procs_blocked 0
softirq 45821 15 3184 0 0 5005 0 6291 7837 0 23489

2307
cpu  746 71 1002 4625 2665 0 2 0 0 0
cpu0 182 26 310 1064 686 0 2 0 0 0
cpu1 180 21 211 1080 787 0 0 0 0 0
cpu2 151 16 235 1237 635 0 0 0 0 0
cpu3 233 7 246 1242 555 0 0 0 0 0
intr 89231 0 621 33869 0 0 0 160 0 0 0 0 15965 0 0 333 345 0 0 0 0 0 0 0 0 0 0 0 0 0 0 0 0 6 0 0 122 56 0 75 7213 2 0 0 0 0 0 0 0 0 0 0 0 6 0 30270 188 0 0 0 0 0 0 0 0
ctxt 138046
btime 1719172375
processes 691
procs_running 2
procs_blocked 1
softirq 46781 15 3212 0 0 5022 0 6291 7918 0 24323

2329
cpu  760 72 1011 4676 2673 0 2 0 0 0
cpu0 182 26 310 1081 688 0 2 0 0 0
cpu1 180 21 212 1099 787 0 0 0 0 0
cpu2 164 16 240 1237 638 0 0 0 0 0
cpu3 233 7 247 1257 559 0 0 0 0 0
intr 89737 0 640 34090 0 0 0 160 0 0 0 0 16165 0 0 333 345 0 0 0 0 0 0 0 0 0 0 0 0 0 0 0 0 6 0 0 122 56 0 75 7213 2 0 0 0 0 0 0 0 0 0 0 0 6 0 30336 188 0 0 0 0 0 0 0 0
ctxt 138819
btime 1719172375
processes 712
procs_running 1
procs_blocked 1
softirq 47071 15 3242 0 0 5025 0 6291 8011 0 24487

2350
cpu  786 73 1026 4713 2675 0 2 0 0 0
cpu0 183 27 313 1095 689 0 2 0 0 0
cpu1 193 21 218 1102 787 0 0 0 0 0
cpu2 171 16 246 1245 638 0 0 0 0 0
cpu3 238 7 248 1269 559 0 0 0 0 0
intr 91734 0 669 35755 0 0 0 160 0 0 0 0 16425 0 0 333 345 0 0 0 0 0 0 0 0 0 0 0 0 0 0 0 0 6 0 0 122 56 0 75 7213 2 0 0 0 0 0 0 0 0 0 0 0 6 0 30379 188 0 0 0 0 0 0 0 0
ctxt 143769
btime 1719172375
processes 742
procs_running 3
procs_blocked 0
softirq 47465 15 3281 0 0 5025 0 6291 8181 0 24672

2372
cpu  812 73 1044 4750 2675 0 2 0 0 0
cpu0 187 27 318 1106 689 0 2 0 0 0
cpu1 206 21 223 1105 788 0 0 0 0 0
cpu2 177 16 250 1255 638 0 0 0 0 0
cpu3 241 7 251 1283 559 0 0 0 0 0
intr 95199 0 676 38975 0 0 0 160 0 0 0 0 16649 0 0 333 345 0 0 0 0 0 0 0 0 0 0 0 0 0 0 0 0 6 0 0 122 56 0 75 7213 2 0 0 0 0 0 0 0 0 0 0 0 6 0 30393 188 0 0 0 0 0 0 0 0
ctxt 151725
btime 1719172375
processes 746
procs_running 6
procs_blocked 0
softirq 47806 15 3306 0 0 5025 0 6291 8332 0 24837

2394
cpu  832 75 1053 4801 2679 0 2 0 0 0
cpu0 191 28 319 1120 689 0 2 0 0 0
cpu1 208 22 226 1119 788 0 0 0 0 0
cpu2 179 16 251 1273 638 0 0 0 0 0
cpu3 252 7 256 1287 561 0 0 0 0 0
intr 96852 0 687 40167 0 0 0 160 0 0 0 0 16905 0 0 333 345 0 0 0 0 0 0 0 0 0 0 0 0 0 0 0 0 6 80 0 122 56 0 75 7213 2 0 0 0 0 0 0 0 0 0 0 0 6 0 30507 188 0 0 0 0 0 0 0 0
ctxt 155023
btime 1719172375
processes 757
procs_running 3
procs_blocked 0
softirq 48127 15 3339 0 0 5025 0 6291 8467 0 24990

2416
cpu  843 89 1067 4834 2693 0 2 0 0 0
cpu0 192 36 324 1128 690 0 2 0 0 0
cpu1 210 25 230 1131 790 0 0 0 0 0
cpu2 182 18 252 1286 641 0 0 0 0 0
cpu3 258 9 261 1288 570 0 0 0 0 0
intr 97881 0 690 40702 0 0 0 160 0 0 0 0 17142 0 0 333 345 0 0 0 0 0 0 0 0 0 0 0 0 0 0 0 0 6 80 0 122 56 0 75 7213 2 0 0 0 0 0 0 0 0 0 0 0 6 0 30761 188 0 0 0 0 0 0 0 0
ctxt 156709
btime 1719172375
processes 765
procs_running 7
procs_blocked 0
softirq 48462 15 3374 0 0 5033 0 6291 8566 0 25183

2437
cpu  877 94 1091 4844 2704 0 2 0 0 0
cpu0 198 38 328 1132 692 0 2 0 0 0
cpu1 218 26 236 1134 793 0 0 0 0 0
cpu2 196 18 257 1287 643 0 0 0 0 0
cpu3 263 11 269 1290 575 0 0 0 0 0
intr 99412 0 705 41672 0 0 0 160 0 0 0 0 17415 0 0 333 345 0 0 0 0 0 0 0 0 0 0 0 0 0 0 0 0 6 80 0 191 56 0 75 7213 2 0 0 0 0 0 0 0 0 0 0 0 6 0 30965 188 0 0 0 0 0 0 0 0
ctxt 159641
btime 1719172375
processes 798
procs_running 3
procs_blocked 4
softirq 48951 17 3413 0 0 5035 0 6326 8696 0 25464

2459
cpu  886 98 1101 4859 2750 0 2 0 0 0
cpu0 199 38 331 1132 710 0 2 0 0 0
cpu1 220 27 240 1134 806 0 0 0 0 0
cpu2 200 18 259 1287 657 0 0 0 0 0
cpu3 265 13 270 1305 575 0 0 0 0 0
intr 100471 0 724 42430 0 0 0 160 0 0 0 0 17655 0 0 333 345 0 0 0 0 0 0 0 0 0 0 0 0 0 0 0 0 6 80 0 191 56 0 75 7213 2 0 0 0 0 0 0 0 0 0 0 0 6 0 31007 188 0 0 0 0 0 0 0 0
ctxt 161690
btime 1719172375
processes 817
procs_running 1
procs_blocked 9
softirq 49384 17 3446 0 0 5035 0 6326 8814 0 25746

2481
cpu  902 99 1115 4871 2789 0 2 0 0 0
cpu0 202 38 334 1132 724 0 2 0 0 0
cpu1 225 28 245 1134 817 0 0 0 0 0
cpu2 206 18 263 1294 660 0 0 0 0 0
cpu3 268 13 272 1310 587 0 0 0 0 0
intr 101755 0 746 43248 0 0 0 160 0 0 0 0 17913 0 0 334 345 0 0 0 0 0 0 0 0 0 0 0 0 0 0 0 0 6 85 0 205 56 0 75 7213 2 0 0 0 0 0 0 0 0 0 0 0 6 0 31173 188 0 0 0 0 0 0 0 0
ctxt 164044
btime 1719172375
processes 843
procs_running 5
procs_blocked 4
softirq 49838 17 3488 0 0 5037 0 6340 8948 0 26008

2505
cpu  918 100 1131 4891 2830 0 2 0 0 0
cpu0 205 38 339 1148 724 0 2 0 0 0
cpu1 231 28 250 1134 829 0 0 0 0 0
cpu2 209 18 268 1298 673 0 0 0 0 0
cpu3 273 14 274 1310 604 0 0 0 0 0
intr 102789 0 765 43757 0 0 0 160 0 0 0 0 18190 0 0 334 345 0 0 0 0 0 0 0 0 0 0 0 0 0 0 0 0 6 85 0 205 56 0 75 7213 2 0 0 0 0 0 0 0 0 0 0 0 6 0 31402 188 0 0 0 0 0 0 0 0
ctxt 165605
btime 1719172375
processes 868
procs_running 8
procs_blocked 4
softirq 50303 17 3525 0 0 5039 0 6340 9073 0 26309

2527
cpu  950 105 1168 4894 2839 0 2 0 0 0
cpu0 212 40 349 1149 726 0 2 0 0 0
cpu1 240 30 258 1135 830 0 0 0 0 0
cpu2 215 20 278 1299 676 0 0 0 0 0
cpu3 282 14 282 1310 606 0 0 0 0 0
intr 104320 0 785 44769 0 0 0 160 0 0 0 0 18474 0 0 334 345 0 0 0 0 0 0 0 0 0 0 0 0 0 0 0 0 6 85 0 205 56 0 75 7213 2 0 0 0 0 0 0 0 0 0 0 0 6 0 31617 188 0 0 0 0 0 0 0 0
ctxt 168505
btime 1719172375
processes 933
procs_running 2
procs_blocked 8
softirq 51101 17 3564 0 0 5072 0 6340 9179 0 26929

2549
cpu  971 106 1182 4904 2873 0 2 0 0 0
cpu0 216 40 351 1149 739 0 2 0 0 0
cpu1 246 30 262 1142 832 0 0 0 0 0
cpu2 220 20 283 1302 683 0 0 0 0 0
cpu3 288 15 284 1310 618 0 0 0 0 0
intr 105687 0 803 45575 0 0 0 160 0 0 0 0 18749 0 0 334 345 0 0 0 0 0 0 0 0 0 0 0 0 0 0 0 0 6 85 0 205 56 0 75 7213 2 0 0 0 0 0 0 0 0 0 0 0 6 0 31889 188 0 0 0 0 0 0 0 0
ctxt 170694
btime 1719172375
processes 958
procs_running 5
procs_blocked 3
softirq 51538 17 3614 0 0 5116 0 6340 9317 0 27134

2571
cpu  1004 115 1206 4913 2887 0 2 0 0 0
cpu0 220 45 357 1153 741 0 2 0 0 0
cpu1 252 32 269 1144 837 0 0 0 0 0
cpu2 231 20 291 1302 686 0 0 0 0 0
cpu3 300 16 288 1313 622 0 0 0 0 0
intr 107444 0 820 46721 0 0 0 160 0 0 0 0 19029 0 0 334 345 0 0 0 0 0 0 0 0 0 0 0 0 0 0 0 0 6 85 0 215 56 0 75 7213 2 0 0 0 0 0 0 0 0 0 0 0 6 0 32189 188 0 0 0 0 0 0 0 0
ctxt 174052
btime 1719172375
processes 982
procs_running 10
procs_blocked 1
softirq 52093 17 3652 0 0 5190 0 6350 9446 0 27438

2593
cpu  1040 126 1230 4917 2900 0 2 0 0 0
cpu0 225 54 362 1153 743 0 2 0 0 0
cpu1 264 32 277 1146 837 0 0 0 0 0
cpu2 242 22 297 1303 690 0 0 0 0 0
cpu3 308 16 292 1314 627 0 0 0 0 0
intr 109714 0 828 48485 0 0 0 160 0 0 0 0 19322 0 0 334 345 0 0 0 0 0 0 0 0 0 0 0 0 0 0 0 0 6 90 0 215 56 0 75 7213 2 0 0 0 0 0 0 0 0 0 0 0 6 0 32389 188 0 0 0 0 0 0 0 0
ctxt 179244
btime 1719172375
processes 1009
procs_running 2
procs_blocked 5
softirq 52664 17 3692 0 0 5236 0 6350 9574 0 27795

2616
cpu  1065 134 1246 4933 2924 0 2 0 0 0
cpu0 234 54 368 1153 751 0 2 0 0 0
cpu1 271 36 278 1147 847 0 0 0 0 0
cpu2 244 24 302 1310 695 0 0 0 0 0
cpu3 314 18 297 1321 630 0 0 0 0 0
intr 111048 0 835 49296 0 0 0 160 0 0 0 0 19598 0 0 334 345 0 0 0 0 0 0 0 0 0 0 0 0 0 0 0 0 6 90 0 215 56 0 75 7213 2 0 0 0 0 0 0 0 0 0 0 0 6 0 32629 188 0 0 0 0 0 0 0 0
ctxt 181485
btime 1719172375
processes 1022
procs_running 4
procs_blocked 2
softirq 53236 17 3732 0 0 5267 0 6350 9696 0 28174

2638
cpu  1091 142 1262 4936 2954 0 2 0 0 0
cpu0 245 55 371 1155 755 0 2 0 0 0
cpu1 278 43 282 1147 852 0 0 0 0 0
cpu2 247 24 307 1311 708 0 0 0 0 0
cpu3 320 19 302 1322 638 0 0 0 0 0
intr 112336 0 853 50080 0 0 0 160 0 0 0 0 19874 0 0 334 345 0 0 0 0 0 0 0 0 0 0 0 0 0 0 0 0 6 90 0 215 56 0 75 7213 2 0 0 0 0 0 0 0 0 0 0 0 6 0 32839 188 0 0 0 0 0 0 0 0
ctxt 183656
btime 1719172375
processes 1045
procs_running 6
procs_blocked 2
softirq 53752 17 3770 0 0 5301 0 6350 9829 0 28485

2660
cpu  1120 146 1276 4939 2990 0 2 0 0 0
cpu0 256 55 374 1156 761 0 2 0 0 0
cpu1 286 44 284 1149 859 0 0 0 0 0
cpu2 253 24 312 1311 719 0 0 0 0 0
cpu3 324 22 304 1322 650 0 0 0 0 0
intr 113665 0 867 50899 0 0 0 160 0 0 0 0 20123 0 0 334 345 0 0 0 0 0 0 0 0 0 0 0 0 0 0 0 0 6 90 0 225 56 0 75 7213 2 0 0 0 0 0 0 0 0 0 0 0 6 0 33076 188 0 0 0 0 0 0 0 0
ctxt 185845
btime 1719172375
processes 1059
procs_running 4
procs_blocked 3
softirq 54269 17 3805 0 0 5343 0 6360 9980 0 28764

2683
cpu  1139 146 1291 4958 3022 0 2 0 0 0
cpu0 263 55 382 1156 768 0 2 0 0 0
cpu1 288 44 286 1156 868 0 0 0 0 0
cpu2 257 24 315 1317 726 0 0 0 0 0
cpu3 330 22 307 1327 658 0 0 0 0 0
intr 114702 0 889 51435 0 0 0 160 0 0 0 0 20359 0 0 335 345 0 0 0 0 0 0 0 0 0 0 0 0 0 0 0 0 6 95 0 225 56 0 75 7248 2 0 0 0 0 0 0 0 0 0 0 0 6 0 33278 188 0 0 0 0 0 0 0 0
ctxt 187668
btime 1719172375
processes 1086
procs_running 4
procs_blocked 1
softirq 54720 17 3851 0 0 5360 0 6360 10106 0 29026

2704
cpu  1166 147 1316 4983 3028 0 2 0 0 0
cpu0 271 55 388 1163 769 0 2 0 0 0
cpu1 293 44 292 1162 872 0 0 0 0 0
cpu2 262 24 323 1324 727 0 0 0 0 0
cpu3 339 22 313 1332 658 0 0 0 0 0
intr 115892 0 909 52181 0 0 0 160 0 0 0 0 20601 0 0 341 345 0 0 0 0 0 0 0 0 0 0 0 0 0 0 0 0 6 95 0 225 56 0 75 7257 2 0 0 0 0 0 0 0 0 0 0 0 6 0 33432 201 0 0 0 0 0 0 0 0
ctxt 190095
btime 1719172375
processes 1103
procs_running 5
procs_blocked 0
softirq 55446 17 3892 0 0 5367 0 6360 10230 0 29580

2727
cpu  1192 150 1343 5014 3028 0 2 0 0 0
cpu0 279 55 400 1166 769 0 2 0 0 0
cpu1 299 45 296 1171 872 0 0 0 0 0
cpu2 269 25 329 1333 727 0 0 0 0 0
cpu3 343 24 318 1342 658 0 0 0 0 0
intr 116975 0 926 52970 0 0 0 160 0 0 0 0 20872 0 0 341 345 0 0 0 0 0 0 0 0 0 0 0 0 0 0 0 0 6 95 0 225 56 0 75 7257 2 0 0 0 0 0 0 0 0 0 0 0 6 0 33438 201 0 0 0 0 0 0 0 0
ctxt 191986
btime 1719172375
processes 1132
procs_running 5
procs_blocked 0
softirq 56680 17 3933 0 0 5367 0 6360 10348 0 30655

2749
cpu  1214 153 1355 5062 3031 0 2 0 0 0
cpu0 286 57 402 1176 769 0 2 0 0 0
cpu1 302 45 298 1186 873 0 0 0 0 0
cpu2 276 25 332 1345 727 0 0 0 0 0
cpu3 349 25 322 1353 660 0 0 0 0 0
intr 117942 0 933 53651 0 0 0 160 0 0 0 0 21094 0 0 341 345 0 0 0 0 0 0 0 0 0 0 0 0 0 0 0 0 6 95 0 225 56 0 75 7257 2 0 0 0 0 0 0 0 0 0 0 0 6 0 33495 201 0 0 0 0 0 0 0 0
ctxt 193796
btime 1719172375
processes 1139
procs_running 2
procs_blocked 0
softirq 57045 17 3977 0 0 5367 0 6360 10481 0 30843

2772
cpu  1237 157 1370 5106 3037 0 2 0 0 0
cpu0 288 58 406 1191 770 0 2 0 0 0
cpu1 306 46 300 1201 874 0 0 0 0 0
cpu2 287 25 334 1352 728 0 0 0 0 0
cpu3 354 27 328 1360 663 0 0 0 0 0
intr 118910 0 947 54238 0 0 0 160 0 0 0 0 21335 0 0 341 345 0 0 0 0 0 0 0 0 0 0 0 0 0 0 0 0 6 95 0 235 56 0 75 7257 2 0 0 0 0 0 0 0 0 0 0 0 6 0 33611 201 0 0 0 0 0 0 0 0
ctxt 195616
btime 1719172375
processes 1153
procs_running 2
procs_blocked 1
softirq 57524 17 4015 0 0 5375 0 6370 10627 0 31120

2794
cpu  1260 169 1385 5133 3047 0 2 0 0 0
cpu0 290 60 414 1193 779 0 2 0 0 0
cpu1 318 46 301 1209 875 0 0 0 0 0
cpu2 294 25 338 1363 728 0 0 0 0 0
cpu3 357 37 330 1367 663 0 0 0 0 0
intr 119651 0 955 54596 0 0 0 160 0 0 0 0 21564 0 0 344 345 0 0 0 0 0 0 0 0 0 0 0 0 0 0 0 0 6 100 0 235 56 0 75 7257 2 0 0 0 0 0 0 0 0 0 0 0 6 0 33743 207 0 0 0 0 0 0 0 0
ctxt 197099
btime 1719172375
processes 1161
procs_running 4
procs_blocked 0
softirq 57916 17 4050 0 0 5433 0 6370 10743 0 31303

2816
cpu  1283 172 1397 5179 3049 0 2 0 0 0
cpu0 293 60 418 1206 781 0 2 0 0 0
cpu1 333 47 303 1213 875 0 0 0 0 0
cpu2 297 25 339 1379 728 0 0 0 0 0
cpu3 359 39 336 1379 663 0 0 0 0 0
intr 120422 0 962 55037 0 0 0 161 0 0 0 0 21793 0 0 370 345 0 0 0 0 0 0 0 0 0 0 0 0 0 0 0 0 12 100 0 235 56 0 75 7257 2 0 0 0 0 0 0 0 0 0 0 0 10 0 33777 230 0 0 0 0 0 0 0 0
ctxt 198299
btime 1719172375
processes 1163
procs_running 2
procs_blocked 0
softirq 58252 17 4078 0 0 5433 0 6370 10854 0 31500

2838
cpu  1316 175 1407 5220 3050 0 2 0 0 0
cpu0 311 60 420 1208 781 0 2 0 0 0
cpu1 338 47 305 1230 875 0 0 0 0 0
cpu2 304 26 343 1388 729 0 0 0 0 0
cpu3 362 41 338 1394 663 0 0 0 0 0
intr 121058 0 964 55475 0 0 0 161 0 0 0 0 21969 0 0 373 345 0 0 0 0 0 0 0 0 0 0 0 0 0 0 0 0 12 100 0 235 56 0 75 7257 2 0 0 0 0 0 0 0 0 0 0 0 10 0 33794 230 0 0 0 0 0 0 0 0
ctxt 199577
btime 1719172375
processes 1165
procs_running 16
procs_blocked 0
softirq 58519 17 4111 0 0 5433 0 6370 10942 0 31646

2861
cpu  1361 177 1428 5242 3052 0 2 0 0 0
cpu0 328 60 424 1210 781 0 2 0 0 0
cpu1 356 47 307 1232 876 0 0 0 0 0
cpu2 310 27 349 1396 730 0 0 0 0 0
cpu3 366 42 346 1403 663 0 0 0 0 0
intr 122023 0 970 55979 0 0 0 162 0 0 0 0 22254 0 0 415 345 0 0 0 0 0 0 0 0 0 0 0 0 0 0 0 0 17 100 0 244 56 0 75 7257 2 0 0 0 0 0 0 0 0 0 0 0 15 0 33870 262 0 0 0 0 0 0 0 0
ctxt 201325
btime 1719172375
processes 1175
procs_running 8
procs_blocked 0
softirq 58874 17 4146 0 0 5447 0 6379 11040 0 31845

2883
cpu  1399 181 1445 5261 3060 0 2 0 0 0
cpu0 341 60 428 1214 781 0 2 0 0 0
cpu1 365 48 310 1240 876 0 0 0 0 0
cpu2 312 27 356 1400 738 0 0 0 0 0
cpu3 379 44 350 1405 663 0 0 0 0 0
intr 123177 0 983 56759 0 0 0 162 0 0 0 0 22515 0 0 451 345 0 0 0 0 0 0 0 0 0 0 0 0 0 0 0 0 21 105 0 244 56 0 75 7257 2 0 0 0 0 0 0 0 0 0 0 0 18 0 33919 265 0 0 0 0 0 0 0 0
ctxt 203693
btime 1719172375
processes 1195
procs_running 4
procs_blocked 1
softirq 59251 17 4194 0 0 5447 0 6379 11154 0 32060

2906
cpu  1404 186 1450 5299 3097 0 2 0 0 0
cpu0 341 60 428 1237 781 0 2 0 0 0
cpu1 368 48 310 1240 895 0 0 0 0 0
cpu2 314 27 358 1400 756 0 0 0 0 0
cpu3 380 50 352 1420 663 0 0 0 0 0
intr 123415 0 985 56849 0 0 0 162 0 0 0 0 22621 0 0 451 345 0 0 0 0 0 0 0 0 0 0 0 0 0 0 0 0 21 105 0 244 56 0 75 7257 2 0 0 0 0 0 0 0 0 0 0 0 18 0 33959 265 0 0 0 0 0 0 0 0
ctxt 203958
btime 1719172375
processes 1197
procs_running 1
procs_blocked 2
softirq 59398 17 4219 0 0 5447 0 6379 11193 0 32143

2927
cpu  1426 188 1466 5327 3112 0 2 0 0 0
cpu0 344 62 430 1251 781 0 2 0 0 0
cpu1 377 48 314 1240 904 0 0 0 0 0
cpu2 320 27 366 1401 763 0 0 0 0 0
cpu3 383 50 355 1433 663 0 0 0 0 0
intr 124074 0 993 57219 0 0 0 162 0 0 0 0 22814 0 0 480 345 0 0 0 0 0 0 0 0 0 0 0 0 0 0 0 0 24 105 0 244 56 0 75 7257 2 0 0 0 0 0 0 0 0 0 0 0 22 0 33985 291 0 0 0 0 0 0 0 0
ctxt 205028
btime 1719172375
processes 1203
procs_running 3
procs_blocked 0
softirq 59754 17 4249 0 0 5447 0 6379 11267 0 32395

2949
cpu  1458 191 1480 5369 3112 0 2 0 0 0
cpu0 348 64 434 1266 781 0 2 0 0 0
cpu1 396 48 316 1241 904 0 0 0 0 0
cpu2 324 27 370 1415 763 0 0 0 0 0
cpu3 389 51 358 1446 663 0 0 0 0 0
intr 125100 0 1000 57821 0 0 0 162 0 0 0 0 23110 0 0 545 345 0 0 0 0 0 0 0 0 0 0 0 0 0 0 0 0 34 105 0 244 56 0 75 7257 2 0 0 0 0 0 0 0 0 0 0 0 29 0 33987 328 0 0 0 0 0 0 0 0
ctxt 206682
btime 1719172375
processes 1210
procs_running 3
procs_blocked 0
softirq 60255 17 4291 0 0 5447 0 6379 11393 0 32728

2972
cpu  1491 193 1491 5410 3113 0 2 0 0 0
cpu0 354 64 436 1280 781 0 2 0 0 0
cpu1 414 48 320 1242 904 0 0 0 0 0
cpu2 328 29 372 1429 763 0 0 0 0 0
cpu3 394 51 362 1458 663 0 0 0 0 0
intr 126235 0 1007 58515 0 0 0 162 0 0 0 0 23396 0 0 597 345 0 0 0 0 0 0 0 0 0 0 0 0 0 0 0 0 44 105 0 254 56 0 75 7257 2 0 0 0 0 0 0 0 0 0 0 0 37 0 34010 374 0 0 0 0 0 0 0 0
ctxt 208518
btime 1719172375
processes 1221
procs_running 12
procs_blocked 1
softirq 60563 17 4323 0 0 5455 0 6389 11497 0 32882

